<?xml version="1.0" encoding="UTF-8"?>
<!-- Generated by org.testng.reporters.JUnitReportReporter -->
<testsuite hostname="SPAROPA-IN-LE01" name="com.experitest.auto.IOSDemoTest" tests="1" failures="0" timestamp="6 Jun 2018 13:03:06 GMT" time="0.001" errors="1">
  <testcase name="test" time="0.001" classname="com.experitest.auto.IOSDemoTest">
    <error type="org.openqa.selenium.UnsupportedCommandException" message="&lt;!DOCTYPE html&gt;
&lt;html lang=&quot;en&quot; class=&quot;error_page&quot; &gt;
    &lt;head&gt;
        &lt;meta charset=&quot;utf-8&quot;&gt;
        &lt;script type=&quot;text/javascript&quot;&gt;
        window.NREUM||(NREUM={}),__nr_require=function(t,e,n){function r(n){if(!e[n]){var o=e[n]={exports:{}};t[n][0].call(o.exports,function(e){var o=t[n][1][e];return r(o||e)},o,o.exports)}return e[n].exports}if(&quot;function&quot;==typeof __nr_require)return __nr_require;for(var o=0;o&lt;n.length;o++)r(n[o]);return r}({1:[function(t,e,n){function r(t){try{c.console&amp;&amp;console.log(t)}catch(e){}}var o,i=t(&quot;ee&quot;),a=t(19),c={};try{o=localStorage.getItem(&quot;__nr_flags&quot;).split(&quot;,&quot;),console&amp;&amp;&quot;function&quot;==typeof console.log&amp;&amp;(c.console=!0,o.indexOf(&quot;dev&quot;)!==-1&amp;&amp;(c.dev=!0),o.indexOf(&quot;nr_dev&quot;)!==-1&amp;&amp;(c.nrDev=!0))}catch(s){}c.nrDev&amp;&amp;i.on(&quot;internal-error&quot;,function(t){r(t.stack)}),c.dev&amp;&amp;i.on(&quot;fn-err&quot;,function(t,e,n){r(n.stack)}),c.dev&amp;&amp;(r(&quot;NR AGENT IN DEVELOPMENT MODE&quot;),r(&quot;flags: &quot;+a(c,function(t,e){return t}).join(&quot;, &quot;)))},{}],2:[function(t,e,n){function r(t,e,n,r,o){try{h?h-=1:i(&quot;err&quot;,[o||new UncaughtException(t,e,n)])}catch(c){try{i(&quot;ierr&quot;,[c,(new Date).getTime(),!0])}catch(s){}}return&quot;function&quot;==typeof f&amp;&amp;f.apply(this,a(arguments))}function UncaughtException(t,e,n){this.message=t||&quot;Uncaught error with no additional information&quot;,this.sourceURL=e,this.line=n}function o(t){i(&quot;err&quot;,[t,(new Date).getTime()])}var i=t(&quot;handle&quot;),a=t(20),c=t(&quot;ee&quot;),s=t(&quot;loader&quot;),f=window.onerror,u=!1,h=0;s.features.err=!0,t(1),window.onerror=r;try{throw new Error}catch(p){&quot;stack&quot;in p&amp;&amp;(t(12),t(11),&quot;addEventListener&quot;in window&amp;&amp;t(6),s.xhrWrappable&amp;&amp;t(13),u=!0)}c.on(&quot;fn-start&quot;,function(t,e,n){u&amp;&amp;(h+=1)}),c.on(&quot;fn-err&quot;,function(t,e,n){u&amp;&amp;(this.thrown=!0,o(n))}),c.on(&quot;fn-end&quot;,function(){u&amp;&amp;!this.thrown&amp;&amp;h&gt;0&amp;&amp;(h-=1)}),c.on(&quot;internal-error&quot;,function(t){i(&quot;ierr&quot;,[t,(new Date).getTime(),!0])})},{}],3:[function(t,e,n){t(&quot;loader&quot;).features.ins=!0},{}],4:[function(t,e,n){function r(){N++,S=y.hash,this[u]=Date.now()}function o(){N--,y.hash!==S&amp;&amp;i(0,!0);var t=Date.now();this[l]=~~this[l]+t-this[u],this[h]=t}function i(t,e){x.emit(&quot;newURL&quot;,[&quot;&quot;+y,e])}function a(t,e){t.on(e,function(){this[e]=Date.now()})}var c=&quot;-start&quot;,s=&quot;-end&quot;,f=&quot;-body&quot;,u=&quot;fn&quot;+c,h=&quot;fn&quot;+s,p=&quot;cb&quot;+c,d=&quot;cb&quot;+s,l=&quot;jsTime&quot;,m=&quot;fetch&quot;,v=&quot;addEventListener&quot;,w=window,y=w.location;if(w[v]){var g=t(9),b=t(10),x=t(8),E=t(6),T=t(12),O=t(7),P=t(13),R=t(&quot;ee&quot;),D=R.get(&quot;tracer&quot;);t(14),t(&quot;loader&quot;).features.spa=!0;var S,M=w[v],N=0;R.on(u,r),R.on(p,r),R.on(h,o),R.on(d,o),R.buffer([u,h,&quot;xhr-done&quot;,&quot;xhr-resolved&quot;]),E.buffer([u]),T.buffer([&quot;setTimeout&quot;+s,&quot;clearTimeout&quot;+c,u]),P.buffer([u,&quot;new-xhr&quot;,&quot;open-xhr&quot;+c]),O.buffer([m+c,m+&quot;-done&quot;,m+f+c,m+f+s]),x.buffer([&quot;newURL&quot;]),g.buffer([u]),b.buffer([&quot;propagate&quot;,p,d,&quot;executor-err&quot;,&quot;resolve&quot;+c]),D.buffer([u,&quot;no-&quot;+u]),a(P,&quot;open-xhr&quot;+c),a(R,&quot;xhr-resolved&quot;),a(R,&quot;xhr-done&quot;),a(O,m+c),a(O,m+&quot;-done&quot;),x.on(&quot;pushState-end&quot;,i),x.on(&quot;replaceState-end&quot;,i),M(&quot;hashchange&quot;,i,!0),M(&quot;load&quot;,i,!0),M(&quot;popstate&quot;,function(){i(0,N&gt;1)},!0)}},{}],5:[function(t,e,n){function r(t){}if(window.performance&amp;&amp;window.performance.timing&amp;&amp;window.performance.getEntriesByType){var o=t(&quot;ee&quot;),i=t(&quot;handle&quot;),a=t(12),c=t(11),s=&quot;learResourceTimings&quot;,f=&quot;addEventListener&quot;,u=&quot;resourcetimingbufferfull&quot;,h=&quot;bstResource&quot;,p=&quot;resource&quot;,d=&quot;-start&quot;,l=&quot;-end&quot;,m=&quot;fn&quot;+d,v=&quot;fn&quot;+l,w=&quot;bstTimer&quot;,y=&quot;pushState&quot;;t(&quot;loader&quot;).features.stn=!0,t(8);var g=NREUM.o.EV;o.on(m,function(t,e){var n=t[0];n instanceof g&amp;&amp;(this.bstStart=Date.now())}),o.on(v,function(t,e){var n=t[0];n instanceof g&amp;&amp;i(&quot;bst&quot;,[n,e,this.bstStart,Date.now()])}),a.on(m,function(t,e,n){this.bstStart=Date.now(),this.bstType=n}),a.on(v,function(t,e){i(w,[e,this.bstStart,Date.now(),this.bstType])}),c.on(m,function(){this.bstStart=Date.now()}),c.on(v,function(t,e){i(w,[e,this.bstStart,Date.now(),&quot;requestAnimationFrame&quot;])}),o.on(y+d,function(t){this.time=Date.now(),this.startPath=location.pathname+location.hash}),o.on(y+l,function(t){i(&quot;bstHist&quot;,[location.pathname+location.hash,this.startPath,this.time])}),f in window.performance&amp;&amp;(window.performance[&quot;c&quot;+s]?window.performance[f](u,function(t){i(h,[window.performance.getEntriesByType(p)]),window.performance[&quot;c&quot;+s]()},!1):window.performance[f](&quot;webkit&quot;+u,function(t){i(h,[window.performance.getEntriesByType(p)]),window.performance[&quot;webkitC&quot;+s]()},!1)),document[f](&quot;scroll&quot;,r,!1),document[f](&quot;keypress&quot;,r,!1),document[f](&quot;click&quot;,r,!1)}},{}],6:[function(t,e,n){function r(t){for(var e=t;e&amp;&amp;!e.hasOwnProperty(u);)e=Object.getPrototypeOf(e);e&amp;&amp;o(e)}function o(t){c.inPlace(t,[u,h],&quot;-&quot;,i)}function i(t,e){return t[1]}var a=t(&quot;ee&quot;).get(&quot;events&quot;),c=t(21)(a),s=t(&quot;gos&quot;),f=XMLHttpRequest,u=&quot;addEventListener&quot;,h=&quot;removeEventListener&quot;;e.exports=a,&quot;getPrototypeOf&quot;in Object?(r(document),r(window),r(f.prototype)):f.prototype.hasOwnProperty(u)&amp;&amp;(o(window),o(f.prototype)),a.on(u+&quot;-start&quot;,function(t,e){if(t[1]){var n=t[1];if(&quot;function&quot;==typeof n){var r=s(n,&quot;nr@wrapped&quot;,function(){return c(n,&quot;fn-&quot;,null,n.name||&quot;anonymous&quot;)});this.wrapped=t[1]=r}else&quot;function&quot;==typeof n.handleEvent&amp;&amp;c.inPlace(n,[&quot;handleEvent&quot;],&quot;fn-&quot;)}}),a.on(h+&quot;-start&quot;,function(t){var e=this.wrapped;e&amp;&amp;(t[1]=e)})},{}],7:[function(t,e,n){function r(t,e,n){var r=t[e];&quot;function&quot;==typeof r&amp;&amp;(t[e]=function(){var t=r.apply(this,arguments);return o.emit(n+&quot;start&quot;,arguments,t),t.then(function(e){return o.emit(n+&quot;end&quot;,[null,e],t),e},function(e){throw o.emit(n+&quot;end&quot;,[e],t),e})})}var o=t(&quot;ee&quot;).get(&quot;fetch&quot;),i=t(19);e.exports=o;var a=window,c=&quot;fetch-&quot;,s=c+&quot;body-&quot;,f=[&quot;arrayBuffer&quot;,&quot;blob&quot;,&quot;json&quot;,&quot;text&quot;,&quot;formData&quot;],u=a.Request,h=a.Response,p=a.fetch,d=&quot;prototype&quot;;u&amp;&amp;h&amp;&amp;p&amp;&amp;(i(f,function(t,e){r(u[d],e,s),r(h[d],e,s)}),r(a,&quot;fetch&quot;,c),o.on(c+&quot;end&quot;,function(t,e){var n=this;e?e.clone().arrayBuffer().then(function(t){n.rxSize=t.byteLength,o.emit(c+&quot;done&quot;,[null,e],n)}):o.emit(c+&quot;done&quot;,[t],n)}))},{}],8:[function(t,e,n){var r=t(&quot;ee&quot;).get(&quot;history&quot;),o=t(21)(r);e.exports=r,o.inPlace(window.history,[&quot;pushState&quot;,&quot;replaceState&quot;],&quot;-&quot;)},{}],9:[function(t,e,n){var r=t(&quot;ee&quot;).get(&quot;mutation&quot;),o=t(21)(r),i=NREUM.o.MO;e.exports=r,i&amp;&amp;(window.MutationObserver=function(t){return this instanceof i?new i(o(t,&quot;fn-&quot;)):i.apply(this,arguments)},MutationObserver.prototype=i.prototype)},{}],10:[function(t,e,n){function r(t){var e=a.context(),n=c(t,&quot;executor-&quot;,e),r=new f(n);return a.context(r).getCtx=function(){return e},a.emit(&quot;new-promise&quot;,[r,e],e),r}function o(t,e){return e}var i=t(21),a=t(&quot;ee&quot;).get(&quot;promise&quot;),c=i(a),s=t(19),f=NREUM.o.PR;e.exports=a,f&amp;&amp;(window.Promise=r,[&quot;all&quot;,&quot;race&quot;].forEach(function(t){var e=f[t];f[t]=function(n){function r(t){return function(){a.emit(&quot;propagate&quot;,[null,!o],i),o=o||!t}}var o=!1;s(n,function(e,n){Promise.resolve(n).then(r(&quot;all&quot;===t),r(!1))});var i=e.apply(f,arguments),c=f.resolve(i);return c}}),[&quot;resolve&quot;,&quot;reject&quot;].forEach(function(t){var e=f[t];f[t]=function(t){var n=e.apply(f,arguments);return t!==n&amp;&amp;a.emit(&quot;propagate&quot;,[t,!0],n),n}}),f.prototype[&quot;catch&quot;]=function(t){return this.then(null,t)},f.prototype=Object.create(f.prototype,{constructor:{value:r}}),s(Object.getOwnPropertyNames(f),function(t,e){try{r[e]=f[e]}catch(n){}}),a.on(&quot;executor-start&quot;,function(t){t[0]=c(t[0],&quot;resolve-&quot;,this),t[1]=c(t[1],&quot;resolve-&quot;,this)}),a.on(&quot;executor-err&quot;,function(t,e,n){t[1](n)}),c.inPlace(f.prototype,[&quot;then&quot;],&quot;then-&quot;,o),a.on(&quot;then-start&quot;,function(t,e){this.promise=e,t[0]=c(t[0],&quot;cb-&quot;,this),t[1]=c(t[1],&quot;cb-&quot;,this)}),a.on(&quot;then-end&quot;,function(t,e,n){this.nextPromise=n;var r=this.promise;a.emit(&quot;propagate&quot;,[r,!0],n)}),a.on(&quot;cb-end&quot;,function(t,e,n){a.emit(&quot;propagate&quot;,[n,!0],this.nextPromise)}),a.on(&quot;propagate&quot;,function(t,e,n){this.getCtx&amp;&amp;!e||(this.getCtx=function(){if(t instanceof Promise)var e=a.context(t);return e&amp;&amp;e.getCtx?e.getCtx():this})}),r.toString=function(){return&quot;&quot;+f})},{}],11:[function(t,e,n){var r=t(&quot;ee&quot;).get(&quot;raf&quot;),o=t(21)(r),i=&quot;equestAnimationFrame&quot;;e.exports=r,o.inPlace(window,[&quot;r&quot;+i,&quot;mozR&quot;+i,&quot;webkitR&quot;+i,&quot;msR&quot;+i],&quot;raf-&quot;),r.on(&quot;raf-start&quot;,function(t){t[0]=o(t[0],&quot;fn-&quot;)})},{}],12:[function(t,e,n){function r(t,e,n){t[0]=a(t[0],&quot;fn-&quot;,null,n)}function o(t,e,n){this.method=n,this.timerDuration=&quot;number&quot;==typeof t[1]?t[1]:0,t[0]=a(t[0],&quot;fn-&quot;,this,n)}var i=t(&quot;ee&quot;).get(&quot;timer&quot;),a=t(21)(i),c=&quot;setTimeout&quot;,s=&quot;setInterval&quot;,f=&quot;clearTimeout&quot;,u=&quot;-start&quot;,h=&quot;-&quot;;e.exports=i,a.inPlace(window,[c,&quot;setImmediate&quot;],c+h),a.inPlace(window,[s],s+h),a.inPlace(window,[f,&quot;clearImmediate&quot;],f+h),i.on(s+u,r),i.on(c+u,o)},{}],13:[function(t,e,n){function r(t,e){h.inPlace(e,[&quot;onreadystatechange&quot;],&quot;fn-&quot;,c)}function o(){var t=this,e=u.context(t);t.readyState&gt;3&amp;&amp;!e.resolved&amp;&amp;(e.resolved=!0,u.emit(&quot;xhr-resolved&quot;,[],t)),h.inPlace(t,v,&quot;fn-&quot;,c)}function i(t){w.push(t),l&amp;&amp;(g=-g,b.data=g)}function a(){for(var t=0;t&lt;w.length;t++)r([],w[t]);w.length&amp;&amp;(w=[])}function c(t,e){return e}function s(t,e){for(var n in t)e[n]=t[n];return e}t(6);var f=t(&quot;ee&quot;),u=f.get(&quot;xhr&quot;),h=t(21)(u),p=NREUM.o,d=p.XHR,l=p.MO,m=&quot;readystatechange&quot;,v=[&quot;onload&quot;,&quot;onerror&quot;,&quot;onabort&quot;,&quot;onloadstart&quot;,&quot;onloadend&quot;,&quot;onprogress&quot;,&quot;ontimeout&quot;],w=[];e.exports=u;var y=window.XMLHttpRequest=function(t){var e=new d(t);try{u.emit(&quot;new-xhr&quot;,[e],e),e.addEventListener(m,o,!1)}catch(n){try{u.emit(&quot;internal-error&quot;,[n])}catch(r){}}return e};if(s(d,y),y.prototype=d.prototype,h.inPlace(y.prototype,[&quot;open&quot;,&quot;send&quot;],&quot;-xhr-&quot;,c),u.on(&quot;send-xhr-start&quot;,function(t,e){r(t,e),i(e)}),u.on(&quot;open-xhr-start&quot;,r),l){var g=1,b=document.createTextNode(g);new l(a).observe(b,{characterData:!0})}else f.on(&quot;fn-end&quot;,function(t){t[0]&amp;&amp;t[0].type===m||a()})},{}],14:[function(t,e,n){function r(t){var e=this.params,n=this.metrics;if(!this.ended){this.ended=!0;for(var r=0;r&lt;h;r++)t.removeEventListener(u[r],this.listener,!1);if(!e.aborted){if(n.duration=(new Date).getTime()-this.startTime,4===t.readyState){e.status=t.status;var i=o(t,this.lastSize);if(i&amp;&amp;(n.rxSize=i),this.sameOrigin){var a=t.getResponseHeader(&quot;X-NewRelic-App-Data&quot;);a&amp;&amp;(e.cat=a.split(&quot;, &quot;).pop())}}else e.status=0;n.cbTime=this.cbTime,f.emit(&quot;xhr-done&quot;,[t],t),c(&quot;xhr&quot;,[e,n,this.startTime])}}}function o(t,e){var n=t.responseType;if(&quot;json&quot;===n&amp;&amp;null!==e)return e;var r=&quot;arraybuffer&quot;===n||&quot;blob&quot;===n||&quot;json&quot;===n?t.response:t.responseText;return l(r)}function i(t,e){var n=s(e),r=t.params;r.host=n.hostname+&quot;:&quot;+n.port,r.pathname=n.pathname,t.sameOrigin=n.sameOrigin}var a=t(&quot;loader&quot;);if(a.xhrWrappable){var c=t(&quot;handle&quot;),s=t(15),f=t(&quot;ee&quot;),u=[&quot;load&quot;,&quot;error&quot;,&quot;abort&quot;,&quot;timeout&quot;],h=u.length,p=t(&quot;id&quot;),d=t(18),l=t(17),m=window.XMLHttpRequest;a.features.xhr=!0,t(13),f.on(&quot;new-xhr&quot;,function(t){var e=this;e.totalCbs=0,e.called=0,e.cbTime=0,e.end=r,e.ended=!1,e.xhrGuids={},e.lastSize=null,d&amp;&amp;(d&gt;34||d&lt;10)||window.opera||t.addEventListener(&quot;progress&quot;,function(t){e.lastSize=t.loaded},!1)}),f.on(&quot;open-xhr-start&quot;,function(t){this.params={method:t[0]},i(this,t[1]),this.metrics={}}),f.on(&quot;open-xhr-end&quot;,function(t,e){&quot;loader_config&quot;in NREUM&amp;&amp;&quot;xpid&quot;in NREUM.loader_config&amp;&amp;this.sameOrigin&amp;&amp;e.setRequestHeader(&quot;X-NewRelic-ID&quot;,NREUM.loader_config.xpid)}),f.on(&quot;send-xhr-start&quot;,function(t,e){var n=this.metrics,r=t[0],o=this;if(n&amp;&amp;r){var i=l(r);i&amp;&amp;(n.txSize=i)}this.startTime=(new Date).getTime(),this.listener=function(t){try{&quot;abort&quot;===t.type&amp;&amp;(o.params.aborted=!0),(&quot;load&quot;!==t.type||o.called===o.totalCbs&amp;&amp;(o.onloadCalled||&quot;function&quot;!=typeof e.onload))&amp;&amp;o.end(e)}catch(n){try{f.emit(&quot;internal-error&quot;,[n])}catch(r){}}};for(var a=0;a&lt;h;a++)e.addEventListener(u[a],this.listener,!1)}),f.on(&quot;xhr-cb-time&quot;,function(t,e,n){this.cbTime+=t,e?this.onloadCalled=!0:this.called+=1,this.called!==this.totalCbs||!this.onloadCalled&amp;&amp;&quot;function&quot;==typeof n.onload||this.end(n)}),f.on(&quot;xhr-load-added&quot;,function(t,e){var n=&quot;&quot;+p(t)+!!e;this.xhrGuids&amp;&amp;!this.xhrGuids[n]&amp;&amp;(this.xhrGuids[n]=!0,this.totalCbs+=1)}),f.on(&quot;xhr-load-removed&quot;,function(t,e){var n=&quot;&quot;+p(t)+!!e;this.xhrGuids&amp;&amp;this.xhrGuids[n]&amp;&amp;(delete this.xhrGuids[n],this.totalCbs-=1)}),f.on(&quot;addEventListener-end&quot;,function(t,e){e instanceof m&amp;&amp;&quot;load&quot;===t[0]&amp;&amp;f.emit(&quot;xhr-load-added&quot;,[t[1],t[2]],e)}),f.on(&quot;removeEventListener-end&quot;,function(t,e){e instanceof m&amp;&amp;&quot;load&quot;===t[0]&amp;&amp;f.emit(&quot;xhr-load-removed&quot;,[t[1],t[2]],e)}),f.on(&quot;fn-start&quot;,function(t,e,n){e instanceof m&amp;&amp;(&quot;onload&quot;===n&amp;&amp;(this.onload=!0),(&quot;load&quot;===(t[0]&amp;&amp;t[0].type)||this.onload)&amp;&amp;(this.xhrCbStart=(new Date).getTime()))}),f.on(&quot;fn-end&quot;,function(t,e){this.xhrCbStart&amp;&amp;f.emit(&quot;xhr-cb-time&quot;,[(new Date).getTime()-this.xhrCbStart,this.onload,e],e)})}},{}],15:[function(t,e,n){e.exports=function(t){var e=document.createElement(&quot;a&quot;),n=window.location,r={};e.href=t,r.port=e.port;var o=e.href.split(&quot;://&quot;);!r.port&amp;&amp;o[1]&amp;&amp;(r.port=o[1].split(&quot;/&quot;)[0].split(&quot;@&quot;).pop().split(&quot;:&quot;)[1]),r.port&amp;&amp;&quot;0&quot;!==r.port||(r.port=&quot;https&quot;===o[0]?&quot;443&quot;:&quot;80&quot;),r.hostname=e.hostname||n.hostname,r.pathname=e.pathname,r.protocol=o[0],&quot;/&quot;!==r.pathname.charAt(0)&amp;&amp;(r.pathname=&quot;/&quot;+r.pathname);var i=!e.protocol||&quot;:&quot;===e.protocol||e.protocol===n.protocol,a=e.hostname===document.domain&amp;&amp;e.port===n.port;return r.sameOrigin=i&amp;&amp;(!e.hostname||a),r}},{}],16:[function(t,e,n){function r(){}function o(t,e,n){return function(){return i(t,[(new Date).getTime()].concat(c(arguments)),e?null:this,n),e?void 0:this}}var i=t(&quot;handle&quot;),a=t(19),c=t(20),s=t(&quot;ee&quot;).get(&quot;tracer&quot;),f=NREUM;&quot;undefined&quot;==typeof window.newrelic&amp;&amp;(newrelic=f);var u=[&quot;setPageViewName&quot;,&quot;setCustomAttribute&quot;,&quot;finished&quot;,&quot;addToTrace&quot;,&quot;inlineHit&quot;],h=&quot;api-&quot;,p=h+&quot;ixn-&quot;;a(u,function(t,e){f[e]=o(h+e,!0,&quot;api&quot;)}),f.addPageAction=o(h+&quot;addPageAction&quot;,!0),e.exports=newrelic,f.interaction=function(){return(new r).get()};var d=r.prototype={createTracer:function(t,e){var n={},r=this,o=&quot;function&quot;==typeof e;return i(p+&quot;tracer&quot;,[Date.now(),t,n],r),function(){if(s.emit((o?&quot;&quot;:&quot;no-&quot;)+&quot;fn-start&quot;,[Date.now(),r,o],n),o)try{return e.apply(this,arguments)}finally{s.emit(&quot;fn-end&quot;,[Date.now()],n)}}}};a(&quot;setName,setAttribute,save,ignore,onEnd,getContext,end,get&quot;.split(&quot;,&quot;),function(t,e){d[e]=o(p+e)}),newrelic.noticeError=function(t){&quot;string&quot;==typeof t&amp;&amp;(t=new Error(t)),i(&quot;err&quot;,[t,(new Date).getTime()])}},{}],17:[function(t,e,n){e.exports=function(t){if(&quot;string&quot;==typeof t&amp;&amp;t.length)return t.length;if(&quot;object&quot;==typeof t){if(&quot;undefined&quot;!=typeof ArrayBuffer&amp;&amp;t instanceof ArrayBuffer&amp;&amp;t.byteLength)return t.byteLength;if(&quot;undefined&quot;!=typeof Blob&amp;&amp;t instanceof Blob&amp;&amp;t.size)return t.size;if(!(&quot;undefined&quot;!=typeof FormData&amp;&amp;t instanceof FormData))try{return JSON.stringify(t).length}catch(e){return}}}},{}],18:[function(t,e,n){var r=0,o=navigator.userAgent.match(/Firefox[\/\s](\d+\.\d+)/);o&amp;&amp;(r=+o[1]),e.exports=r},{}],19:[function(t,e,n){function r(t,e){var n=[],r=&quot;&quot;,i=0;for(r in t)o.call(t,r)&amp;&amp;(n[i]=e(r,t[r]),i+=1);return n}var o=Object.prototype.hasOwnProperty;e.exports=r},{}],20:[function(t,e,n){function r(t,e,n){e||(e=0),&quot;undefined&quot;==typeof n&amp;&amp;(n=t?t.length:0);for(var r=-1,o=n-e||0,i=Array(o&lt;0?0:o);++r&lt;o;)i[r]=t[e+r];return i}e.exports=r},{}],21:[function(t,e,n){function r(t){return!(t&amp;&amp;&quot;function&quot;==typeof t&amp;&amp;t.apply&amp;&amp;!t[a])}var o=t(&quot;ee&quot;),i=t(20),a=&quot;nr@original&quot;,c=Object.prototype.hasOwnProperty,s=!1;e.exports=function(t){function e(t,e,n,o){function nrWrapper(){var r,a,c,s;try{a=this,r=i(arguments),c=&quot;function&quot;==typeof n?n(r,a):n||{}}catch(u){h([u,&quot;&quot;,[r,a,o],c])}f(e+&quot;start&quot;,[r,a,o],c);try{return s=t.apply(a,r)}catch(p){throw f(e+&quot;err&quot;,[r,a,p],c),p}finally{f(e+&quot;end&quot;,[r,a,s],c)}}return r(t)?t:(e||(e=&quot;&quot;),nrWrapper[a]=t,u(t,nrWrapper),nrWrapper)}function n(t,n,o,i){o||(o=&quot;&quot;);var a,c,s,f=&quot;-&quot;===o.charAt(0);for(s=0;s&lt;n.length;s++)c=n[s],a=t[c],r(a)||(t[c]=e(a,f?c+o:o,i,c))}function f(e,n,r){if(!s){s=!0;try{t.emit(e,n,r)}catch(o){h([o,e,n,r])}s=!1}}function u(t,e){if(Object.defineProperty&amp;&amp;Object.keys)try{var n=Object.keys(t);return n.forEach(function(n){Object.defineProperty(e,n,{get:function(){return t[n]},set:function(e){return t[n]=e,e}})}),e}catch(r){h([r])}for(var o in t)c.call(t,o)&amp;&amp;(e[o]=t[o]);return e}function h(e){try{t.emit(&quot;internal-error&quot;,e)}catch(n){}}return t||(t=o),e.inPlace=n,e.flag=a,e}},{}],ee:[function(t,e,n){function r(){}function o(t){function e(t){return t&amp;&amp;t instanceof r?t:t?c(t,a,i):i()}function n(n,r,o){t&amp;&amp;t(n,r,o);for(var i=e(o),a=p(n),c=a.length,s=0;s&lt;c;s++)a[s].apply(i,r);var u=f[v[n]];return u&amp;&amp;u.push([w,n,r,i]),i}function h(t,e){m[t]=p(t).concat(e)}function p(t){return m[t]||[]}function d(t){return u[t]=u[t]||o(n)}function l(t,e){s(t,function(t,n){e=e||&quot;feature&quot;,v[n]=e,e in f||(f[e]=[])})}var m={},v={},w={on:h,emit:n,get:d,listeners:p,context:e,buffer:l};return w}function i(){return new r}var a=&quot;nr@context&quot;,c=t(&quot;gos&quot;),s=t(19),f={},u={},h=e.exports=o();h.backlog=f},{}],gos:[function(t,e,n){function r(t,e,n){if(o.call(t,e))return t[e];var r=n();if(Object.defineProperty&amp;&amp;Object.keys)try{return Object.defineProperty(t,e,{value:r,writable:!0,enumerable:!1}),r}catch(i){}return t[e]=r,r}var o=Object.prototype.hasOwnProperty;e.exports=r},{}],handle:[function(t,e,n){function r(t,e,n,r){o.buffer([t],r),o.emit(t,e,n)}var o=t(&quot;ee&quot;).get(&quot;handle&quot;);e.exports=r,r.ee=o},{}],id:[function(t,e,n){function r(t){var e=typeof t;return!t||&quot;object&quot;!==e&amp;&amp;&quot;function&quot;!==e?-1:t===window?0:a(t,i,function(){return o++})}var o=1,i=&quot;nr@id&quot;,a=t(&quot;gos&quot;);e.exports=r},{}],loader:[function(t,e,n){function r(){if(!g++){var t=y.info=NREUM.info,e=u.getElementsByTagName(&quot;script&quot;)[0];if(t&amp;&amp;t.licenseKey&amp;&amp;t.applicationID&amp;&amp;e){s(v,function(e,n){t[e]||(t[e]=n)});var n=&quot;https&quot;===m.split(&quot;:&quot;)[0]||t.sslForHttp;y.proto=n?&quot;https://&quot;:&quot;http://&quot;,c(&quot;mark&quot;,[&quot;onload&quot;,a()],null,&quot;api&quot;);var r=u.createElement(&quot;script&quot;);r.src=y.proto+t.agent,e.parentNode.insertBefore(r,e)}}}function o(){&quot;complete&quot;===u.readyState&amp;&amp;i()}function i(){c(&quot;mark&quot;,[&quot;domContent&quot;,a()],null,&quot;api&quot;)}function a(){return(new Date).getTime()}var c=t(&quot;handle&quot;),s=t(19),f=window,u=f.document,h=&quot;addEventListener&quot;,p=&quot;attachEvent&quot;,d=f.XMLHttpRequest,l=d&amp;&amp;d.prototype;NREUM.o={ST:setTimeout,CT:clearTimeout,XHR:d,REQ:f.Request,EV:f.Event,PR:f.Promise,MO:f.MutationObserver},t(16);var m=&quot;&quot;+location,v={beacon:&quot;bam.nr-data.net&quot;,errorBeacon:&quot;bam.nr-data.net&quot;,agent:&quot;js-agent.newrelic.com/nr-spa-963.min.js&quot;},w=d&amp;&amp;l&amp;&amp;l[h]&amp;&amp;!/CriOS/.test(navigator.userAgent),y=e.exports={offset:a(),origin:m,features:{},xhrWrappable:w};u[h]?(u[h](&quot;DOMContentLoaded&quot;,i,!1),f[h](&quot;load&quot;,r,!1)):(u[p](&quot;onreadystatechange&quot;,o),f[p](&quot;onload&quot;,r)),c(&quot;mark&quot;,[&quot;firstbyte&quot;,a()],null,&quot;api&quot;);var g=0},{}]},{},[&quot;loader&quot;,2,14,5,3,4]);;NREUM.info={beacon:&quot;bam.nr-data.net&quot;,errorBeacon:&quot;bam.nr-data.net&quot;,licenseKey:&quot;f5d8c344f8&quot;,applicationID:&quot;26048153&quot;,sa:1}
        &lt;/script&gt;
        &lt;base href=&quot;/&quot;&gt;
        &lt;title &gt;Sauce Labs | 404 Page Not Found&lt;/title&gt;
        &lt;meta name=&quot;viewport&quot; content=&quot;width=device-width, initial-scale=1.0, maximum-scale=1.0, user-scalable=no&quot;&gt;
        &lt;link href=&#039;//fonts.googleapis.com/css?family=Source+Code+Pro:300&#039; rel=&#039;stylesheet&#039; type=&#039;text/css&#039;&gt;
        &lt;link rel=&quot;icon&quot; href=&quot;https://cdn1.saucelabs.com/common/images/favicon.ico&quot; /&gt;
        &lt;link rel=&quot;stylesheet&quot; href=&quot;https://cdn1.saucelabs.com/bower_components/ui-select/dist/select.a580dd4f8f1a.css&quot;&gt;
        &lt;link rel=&quot;stylesheet&quot; href=&quot;https://cdn1.saucelabs.com/styleguide/styles/styleguide.2c60208da67e.css&quot;&gt;
        



        
        



&lt;script type=&quot;text/javascript&quot;&gt;
    window.analytics=window.analytics||[],window.analytics.methods=[&quot;identify&quot;,&quot;group&quot;,&quot;track&quot;,&quot;page&quot;,&quot;pageview&quot;,&quot;alias&quot;,&quot;ready&quot;,&quot;on&quot;,&quot;once&quot;,&quot;off&quot;,&quot;trackLink&quot;,&quot;trackForm&quot;,&quot;trackClick&quot;,&quot;trackSubmit&quot;],window.analytics.factory=function(t){return function(){var a=Array.prototype.slice.call(arguments);return a.unshift(t),window.analytics.push(a),window.analytics}};for(var i=0;i&lt;window.analytics.methods.length;i++){var key=window.analytics.methods[i];window.analytics[key]=window.analytics.factory(key)}window.analytics.load=function(t){if(!document.getElementById(&quot;analytics-js&quot;)){var a=document.createElement(&quot;script&quot;);a.type=&quot;text/javascript&quot;,a.id=&quot;analytics-js&quot;,a.async=!0,a.src=(&quot;https:&quot;===document.location.protocol?&quot;https://&quot;:&quot;http://&quot;)+&quot;cdn.segment.io/analytics.js/v1/&quot;+t+&quot;/analytics.min.js&quot;;var n=document.getElementsByTagName(&quot;script&quot;)[0];n.parentNode.insertBefore(a,n)}},window.analytics.SNIPPET_VERSION=&quot;2.0.9&quot;,
    window.analytics.load(&quot;13rd58d6s3&quot;);
&lt;/script&gt;

&lt;script&gt;
    
        window.analytics.page(null, null, null, function(){}, {integrations: {&#039;Intercom&#039;: false}});
    
&lt;/script&gt;

        
      &lt;/head&gt;

      &lt;body&gt;
        &lt;link rel=&quot;stylesheet&quot; href=&quot;https://cdn1.saucelabs.com/common/styles/typekit.103ae3eca0a1.css&quot;&gt;
        
        

        
&lt;h1&gt;&lt;img src=&quot;https://cdn1.saucelabs.com/common/images/logo.png&quot; alt=&quot;Sauce Labs&quot; class=&quot;logo&quot;&gt;&lt;/h1&gt;
&lt;section class=&quot;error error-404&quot;&gt;
    &lt;img src=&quot;https://cdn1.saucelabs.com/common/images/404-error.png&quot; alt=&quot;404&quot; class=&quot;error-image&quot;&gt;
    &lt;h3&gt;Page Not Found (404)&lt;/h3&gt;
    &lt;p class=&quot;error-text&quot;&gt;
        
        There doesn&#039;t seem to be anything at this URL.
        

        If you think there&#039;s a problem with the site,
        please let us know at &lt;a href=&quot;mailto:help@saucelabs.com&quot;&gt;help@saucelabs.com&lt;/a&gt;.
    &lt;/p&gt;

&lt;/section&gt;
&lt;footer class=&quot;footer-404&quot;&gt;
    Illustration by Curtis Lassam @ &lt;a href=&quot;http://cube-drone.com&quot;&gt;cube-drone.com&lt;/a&gt;
&lt;/footer&gt;


        &lt;div growl&gt;&lt;/div&gt;

        


        
          

        &lt;script type=&quot;text/javascript&quot;&gt;
  var _kiq = _kiq || [];
  (function(){
    setTimeout(function(){
    var d = document, f = d.getElementsByTagName(&#039;script&#039;)[0], s = d.createElement(&#039;script&#039;); s.type = &#039;text/javascript&#039;;
    s.async = true; s.src = &#039;//s3.amazonaws.com/ki.js/59598/dn2.js&#039;; f.parentNode.insertBefore(s, f);
    }, 1);
  })();
&lt;/script&gt;

        &lt;!-- Google Tag Manager --&gt;
&lt;noscript&gt;&lt;iframe src=&quot;//www.googletagmanager.com/ns.html?id=GTM-K9K459&quot;
height=&quot;0&quot; width=&quot;0&quot; style=&quot;display:none;visibility:hidden&quot;&gt;&lt;/iframe&gt;&lt;/noscript&gt;
&lt;script&gt;(function(w,d,s,l,i){w[l]=w[l]||[];w[l].push({&#039;gtm.start&#039;:
new Date().getTime(),event:&#039;gtm.js&#039;});var f=d.getElementsByTagName(s)[0],
j=d.createElement(s),dl=l!=&#039;dataLayer&#039;?&#039;&amp;l=&#039;+l:&#039;&#039;;j.async=true;j.src=
&#039;//www.googletagmanager.com/gtm.js?id=&#039;+i+dl;f.parentNode.insertBefore(j,f);
})(window,document,&#039;script&#039;,&#039;dataLayer&#039;,&#039;GTM-K9K459&#039;);&lt;/script&gt;
&lt;!-- End Google Tag Manager --&gt;
        

        

    &lt;/body&gt;
&lt;/html&gt;
Command duration or timeout: 833 milliseconds
Build info: version: &#039;2.53.1&#039;, revision: &#039;a36b8b1cd5757287168e54b817830adce9b0158d&#039;, time: &#039;2016-06-30 19:26:09&#039;
System info: host: &#039;SPAROPA-IN-LE01&#039;, ip: &#039;192.168.56.1&#039;, os.name: &#039;Windows 10&#039;, os.arch: &#039;amd64&#039;, os.version: &#039;10.0&#039;, java.version: &#039;1.8.0_161&#039;
Driver info: io.appium.java_client.ios.IOSDriver">
      <![CDATA[org.openqa.selenium.UnsupportedCommandException: <!DOCTYPE html>
<html lang="en" class="error_page" >
    <head>
        <meta charset="utf-8">
        <script type="text/javascript">
        window.NREUM||(NREUM={}),__nr_require=function(t,e,n){function r(n){if(!e[n]){var o=e[n]={exports:{}};t[n][0].call(o.exports,function(e){var o=t[n][1][e];return r(o||e)},o,o.exports)}return e[n].exports}if("function"==typeof __nr_require)return __nr_require;for(var o=0;o<n.length;o++)r(n[o]);return r}({1:[function(t,e,n){function r(t){try{c.console&&console.log(t)}catch(e){}}var o,i=t("ee"),a=t(19),c={};try{o=localStorage.getItem("__nr_flags").split(","),console&&"function"==typeof console.log&&(c.console=!0,o.indexOf("dev")!==-1&&(c.dev=!0),o.indexOf("nr_dev")!==-1&&(c.nrDev=!0))}catch(s){}c.nrDev&&i.on("internal-error",function(t){r(t.stack)}),c.dev&&i.on("fn-err",function(t,e,n){r(n.stack)}),c.dev&&(r("NR AGENT IN DEVELOPMENT MODE"),r("flags: "+a(c,function(t,e){return t}).join(", ")))},{}],2:[function(t,e,n){function r(t,e,n,r,o){try{h?h-=1:i("err",[o||new UncaughtException(t,e,n)])}catch(c){try{i("ierr",[c,(new Date).getTime(),!0])}catch(s){}}return"function"==typeof f&&f.apply(this,a(arguments))}function UncaughtException(t,e,n){this.message=t||"Uncaught error with no additional information",this.sourceURL=e,this.line=n}function o(t){i("err",[t,(new Date).getTime()])}var i=t("handle"),a=t(20),c=t("ee"),s=t("loader"),f=window.onerror,u=!1,h=0;s.features.err=!0,t(1),window.onerror=r;try{throw new Error}catch(p){"stack"in p&&(t(12),t(11),"addEventListener"in window&&t(6),s.xhrWrappable&&t(13),u=!0)}c.on("fn-start",function(t,e,n){u&&(h+=1)}),c.on("fn-err",function(t,e,n){u&&(this.thrown=!0,o(n))}),c.on("fn-end",function(){u&&!this.thrown&&h>0&&(h-=1)}),c.on("internal-error",function(t){i("ierr",[t,(new Date).getTime(),!0])})},{}],3:[function(t,e,n){t("loader").features.ins=!0},{}],4:[function(t,e,n){function r(){N++,S=y.hash,this[u]=Date.now()}function o(){N--,y.hash!==S&&i(0,!0);var t=Date.now();this[l]=~~this[l]+t-this[u],this[h]=t}function i(t,e){x.emit("newURL",[""+y,e])}function a(t,e){t.on(e,function(){this[e]=Date.now()})}var c="-start",s="-end",f="-body",u="fn"+c,h="fn"+s,p="cb"+c,d="cb"+s,l="jsTime",m="fetch",v="addEventListener",w=window,y=w.location;if(w[v]){var g=t(9),b=t(10),x=t(8),E=t(6),T=t(12),O=t(7),P=t(13),R=t("ee"),D=R.get("tracer");t(14),t("loader").features.spa=!0;var S,M=w[v],N=0;R.on(u,r),R.on(p,r),R.on(h,o),R.on(d,o),R.buffer([u,h,"xhr-done","xhr-resolved"]),E.buffer([u]),T.buffer(["setTimeout"+s,"clearTimeout"+c,u]),P.buffer([u,"new-xhr","open-xhr"+c]),O.buffer([m+c,m+"-done",m+f+c,m+f+s]),x.buffer(["newURL"]),g.buffer([u]),b.buffer(["propagate",p,d,"executor-err","resolve"+c]),D.buffer([u,"no-"+u]),a(P,"open-xhr"+c),a(R,"xhr-resolved"),a(R,"xhr-done"),a(O,m+c),a(O,m+"-done"),x.on("pushState-end",i),x.on("replaceState-end",i),M("hashchange",i,!0),M("load",i,!0),M("popstate",function(){i(0,N>1)},!0)}},{}],5:[function(t,e,n){function r(t){}if(window.performance&&window.performance.timing&&window.performance.getEntriesByType){var o=t("ee"),i=t("handle"),a=t(12),c=t(11),s="learResourceTimings",f="addEventListener",u="resourcetimingbufferfull",h="bstResource",p="resource",d="-start",l="-end",m="fn"+d,v="fn"+l,w="bstTimer",y="pushState";t("loader").features.stn=!0,t(8);var g=NREUM.o.EV;o.on(m,function(t,e){var n=t[0];n instanceof g&&(this.bstStart=Date.now())}),o.on(v,function(t,e){var n=t[0];n instanceof g&&i("bst",[n,e,this.bstStart,Date.now()])}),a.on(m,function(t,e,n){this.bstStart=Date.now(),this.bstType=n}),a.on(v,function(t,e){i(w,[e,this.bstStart,Date.now(),this.bstType])}),c.on(m,function(){this.bstStart=Date.now()}),c.on(v,function(t,e){i(w,[e,this.bstStart,Date.now(),"requestAnimationFrame"])}),o.on(y+d,function(t){this.time=Date.now(),this.startPath=location.pathname+location.hash}),o.on(y+l,function(t){i("bstHist",[location.pathname+location.hash,this.startPath,this.time])}),f in window.performance&&(window.performance["c"+s]?window.performance[f](u,function(t){i(h,[window.performance.getEntriesByType(p)]),window.performance["c"+s]()},!1):window.performance[f]("webkit"+u,function(t){i(h,[window.performance.getEntriesByType(p)]),window.performance["webkitC"+s]()},!1)),document[f]("scroll",r,!1),document[f]("keypress",r,!1),document[f]("click",r,!1)}},{}],6:[function(t,e,n){function r(t){for(var e=t;e&&!e.hasOwnProperty(u);)e=Object.getPrototypeOf(e);e&&o(e)}function o(t){c.inPlace(t,[u,h],"-",i)}function i(t,e){return t[1]}var a=t("ee").get("events"),c=t(21)(a),s=t("gos"),f=XMLHttpRequest,u="addEventListener",h="removeEventListener";e.exports=a,"getPrototypeOf"in Object?(r(document),r(window),r(f.prototype)):f.prototype.hasOwnProperty(u)&&(o(window),o(f.prototype)),a.on(u+"-start",function(t,e){if(t[1]){var n=t[1];if("function"==typeof n){var r=s(n,"nr@wrapped",function(){return c(n,"fn-",null,n.name||"anonymous")});this.wrapped=t[1]=r}else"function"==typeof n.handleEvent&&c.inPlace(n,["handleEvent"],"fn-")}}),a.on(h+"-start",function(t){var e=this.wrapped;e&&(t[1]=e)})},{}],7:[function(t,e,n){function r(t,e,n){var r=t[e];"function"==typeof r&&(t[e]=function(){var t=r.apply(this,arguments);return o.emit(n+"start",arguments,t),t.then(function(e){return o.emit(n+"end",[null,e],t),e},function(e){throw o.emit(n+"end",[e],t),e})})}var o=t("ee").get("fetch"),i=t(19);e.exports=o;var a=window,c="fetch-",s=c+"body-",f=["arrayBuffer","blob","json","text","formData"],u=a.Request,h=a.Response,p=a.fetch,d="prototype";u&&h&&p&&(i(f,function(t,e){r(u[d],e,s),r(h[d],e,s)}),r(a,"fetch",c),o.on(c+"end",function(t,e){var n=this;e?e.clone().arrayBuffer().then(function(t){n.rxSize=t.byteLength,o.emit(c+"done",[null,e],n)}):o.emit(c+"done",[t],n)}))},{}],8:[function(t,e,n){var r=t("ee").get("history"),o=t(21)(r);e.exports=r,o.inPlace(window.history,["pushState","replaceState"],"-")},{}],9:[function(t,e,n){var r=t("ee").get("mutation"),o=t(21)(r),i=NREUM.o.MO;e.exports=r,i&&(window.MutationObserver=function(t){return this instanceof i?new i(o(t,"fn-")):i.apply(this,arguments)},MutationObserver.prototype=i.prototype)},{}],10:[function(t,e,n){function r(t){var e=a.context(),n=c(t,"executor-",e),r=new f(n);return a.context(r).getCtx=function(){return e},a.emit("new-promise",[r,e],e),r}function o(t,e){return e}var i=t(21),a=t("ee").get("promise"),c=i(a),s=t(19),f=NREUM.o.PR;e.exports=a,f&&(window.Promise=r,["all","race"].forEach(function(t){var e=f[t];f[t]=function(n){function r(t){return function(){a.emit("propagate",[null,!o],i),o=o||!t}}var o=!1;s(n,function(e,n){Promise.resolve(n).then(r("all"===t),r(!1))});var i=e.apply(f,arguments),c=f.resolve(i);return c}}),["resolve","reject"].forEach(function(t){var e=f[t];f[t]=function(t){var n=e.apply(f,arguments);return t!==n&&a.emit("propagate",[t,!0],n),n}}),f.prototype["catch"]=function(t){return this.then(null,t)},f.prototype=Object.create(f.prototype,{constructor:{value:r}}),s(Object.getOwnPropertyNames(f),function(t,e){try{r[e]=f[e]}catch(n){}}),a.on("executor-start",function(t){t[0]=c(t[0],"resolve-",this),t[1]=c(t[1],"resolve-",this)}),a.on("executor-err",function(t,e,n){t[1](n)}),c.inPlace(f.prototype,["then"],"then-",o),a.on("then-start",function(t,e){this.promise=e,t[0]=c(t[0],"cb-",this),t[1]=c(t[1],"cb-",this)}),a.on("then-end",function(t,e,n){this.nextPromise=n;var r=this.promise;a.emit("propagate",[r,!0],n)}),a.on("cb-end",function(t,e,n){a.emit("propagate",[n,!0],this.nextPromise)}),a.on("propagate",function(t,e,n){this.getCtx&&!e||(this.getCtx=function(){if(t instanceof Promise)var e=a.context(t);return e&&e.getCtx?e.getCtx():this})}),r.toString=function(){return""+f})},{}],11:[function(t,e,n){var r=t("ee").get("raf"),o=t(21)(r),i="equestAnimationFrame";e.exports=r,o.inPlace(window,["r"+i,"mozR"+i,"webkitR"+i,"msR"+i],"raf-"),r.on("raf-start",function(t){t[0]=o(t[0],"fn-")})},{}],12:[function(t,e,n){function r(t,e,n){t[0]=a(t[0],"fn-",null,n)}function o(t,e,n){this.method=n,this.timerDuration="number"==typeof t[1]?t[1]:0,t[0]=a(t[0],"fn-",this,n)}var i=t("ee").get("timer"),a=t(21)(i),c="setTimeout",s="setInterval",f="clearTimeout",u="-start",h="-";e.exports=i,a.inPlace(window,[c,"setImmediate"],c+h),a.inPlace(window,[s],s+h),a.inPlace(window,[f,"clearImmediate"],f+h),i.on(s+u,r),i.on(c+u,o)},{}],13:[function(t,e,n){function r(t,e){h.inPlace(e,["onreadystatechange"],"fn-",c)}function o(){var t=this,e=u.context(t);t.readyState>3&&!e.resolved&&(e.resolved=!0,u.emit("xhr-resolved",[],t)),h.inPlace(t,v,"fn-",c)}function i(t){w.push(t),l&&(g=-g,b.data=g)}function a(){for(var t=0;t<w.length;t++)r([],w[t]);w.length&&(w=[])}function c(t,e){return e}function s(t,e){for(var n in t)e[n]=t[n];return e}t(6);var f=t("ee"),u=f.get("xhr"),h=t(21)(u),p=NREUM.o,d=p.XHR,l=p.MO,m="readystatechange",v=["onload","onerror","onabort","onloadstart","onloadend","onprogress","ontimeout"],w=[];e.exports=u;var y=window.XMLHttpRequest=function(t){var e=new d(t);try{u.emit("new-xhr",[e],e),e.addEventListener(m,o,!1)}catch(n){try{u.emit("internal-error",[n])}catch(r){}}return e};if(s(d,y),y.prototype=d.prototype,h.inPlace(y.prototype,["open","send"],"-xhr-",c),u.on("send-xhr-start",function(t,e){r(t,e),i(e)}),u.on("open-xhr-start",r),l){var g=1,b=document.createTextNode(g);new l(a).observe(b,{characterData:!0})}else f.on("fn-end",function(t){t[0]&&t[0].type===m||a()})},{}],14:[function(t,e,n){function r(t){var e=this.params,n=this.metrics;if(!this.ended){this.ended=!0;for(var r=0;r<h;r++)t.removeEventListener(u[r],this.listener,!1);if(!e.aborted){if(n.duration=(new Date).getTime()-this.startTime,4===t.readyState){e.status=t.status;var i=o(t,this.lastSize);if(i&&(n.rxSize=i),this.sameOrigin){var a=t.getResponseHeader("X-NewRelic-App-Data");a&&(e.cat=a.split(", ").pop())}}else e.status=0;n.cbTime=this.cbTime,f.emit("xhr-done",[t],t),c("xhr",[e,n,this.startTime])}}}function o(t,e){var n=t.responseType;if("json"===n&&null!==e)return e;var r="arraybuffer"===n||"blob"===n||"json"===n?t.response:t.responseText;return l(r)}function i(t,e){var n=s(e),r=t.params;r.host=n.hostname+":"+n.port,r.pathname=n.pathname,t.sameOrigin=n.sameOrigin}var a=t("loader");if(a.xhrWrappable){var c=t("handle"),s=t(15),f=t("ee"),u=["load","error","abort","timeout"],h=u.length,p=t("id"),d=t(18),l=t(17),m=window.XMLHttpRequest;a.features.xhr=!0,t(13),f.on("new-xhr",function(t){var e=this;e.totalCbs=0,e.called=0,e.cbTime=0,e.end=r,e.ended=!1,e.xhrGuids={},e.lastSize=null,d&&(d>34||d<10)||window.opera||t.addEventListener("progress",function(t){e.lastSize=t.loaded},!1)}),f.on("open-xhr-start",function(t){this.params={method:t[0]},i(this,t[1]),this.metrics={}}),f.on("open-xhr-end",function(t,e){"loader_config"in NREUM&&"xpid"in NREUM.loader_config&&this.sameOrigin&&e.setRequestHeader("X-NewRelic-ID",NREUM.loader_config.xpid)}),f.on("send-xhr-start",function(t,e){var n=this.metrics,r=t[0],o=this;if(n&&r){var i=l(r);i&&(n.txSize=i)}this.startTime=(new Date).getTime(),this.listener=function(t){try{"abort"===t.type&&(o.params.aborted=!0),("load"!==t.type||o.called===o.totalCbs&&(o.onloadCalled||"function"!=typeof e.onload))&&o.end(e)}catch(n){try{f.emit("internal-error",[n])}catch(r){}}};for(var a=0;a<h;a++)e.addEventListener(u[a],this.listener,!1)}),f.on("xhr-cb-time",function(t,e,n){this.cbTime+=t,e?this.onloadCalled=!0:this.called+=1,this.called!==this.totalCbs||!this.onloadCalled&&"function"==typeof n.onload||this.end(n)}),f.on("xhr-load-added",function(t,e){var n=""+p(t)+!!e;this.xhrGuids&&!this.xhrGuids[n]&&(this.xhrGuids[n]=!0,this.totalCbs+=1)}),f.on("xhr-load-removed",function(t,e){var n=""+p(t)+!!e;this.xhrGuids&&this.xhrGuids[n]&&(delete this.xhrGuids[n],this.totalCbs-=1)}),f.on("addEventListener-end",function(t,e){e instanceof m&&"load"===t[0]&&f.emit("xhr-load-added",[t[1],t[2]],e)}),f.on("removeEventListener-end",function(t,e){e instanceof m&&"load"===t[0]&&f.emit("xhr-load-removed",[t[1],t[2]],e)}),f.on("fn-start",function(t,e,n){e instanceof m&&("onload"===n&&(this.onload=!0),("load"===(t[0]&&t[0].type)||this.onload)&&(this.xhrCbStart=(new Date).getTime()))}),f.on("fn-end",function(t,e){this.xhrCbStart&&f.emit("xhr-cb-time",[(new Date).getTime()-this.xhrCbStart,this.onload,e],e)})}},{}],15:[function(t,e,n){e.exports=function(t){var e=document.createElement("a"),n=window.location,r={};e.href=t,r.port=e.port;var o=e.href.split("://");!r.port&&o[1]&&(r.port=o[1].split("/")[0].split("@").pop().split(":")[1]),r.port&&"0"!==r.port||(r.port="https"===o[0]?"443":"80"),r.hostname=e.hostname||n.hostname,r.pathname=e.pathname,r.protocol=o[0],"/"!==r.pathname.charAt(0)&&(r.pathname="/"+r.pathname);var i=!e.protocol||":"===e.protocol||e.protocol===n.protocol,a=e.hostname===document.domain&&e.port===n.port;return r.sameOrigin=i&&(!e.hostname||a),r}},{}],16:[function(t,e,n){function r(){}function o(t,e,n){return function(){return i(t,[(new Date).getTime()].concat(c(arguments)),e?null:this,n),e?void 0:this}}var i=t("handle"),a=t(19),c=t(20),s=t("ee").get("tracer"),f=NREUM;"undefined"==typeof window.newrelic&&(newrelic=f);var u=["setPageViewName","setCustomAttribute","finished","addToTrace","inlineHit"],h="api-",p=h+"ixn-";a(u,function(t,e){f[e]=o(h+e,!0,"api")}),f.addPageAction=o(h+"addPageAction",!0),e.exports=newrelic,f.interaction=function(){return(new r).get()};var d=r.prototype={createTracer:function(t,e){var n={},r=this,o="function"==typeof e;return i(p+"tracer",[Date.now(),t,n],r),function(){if(s.emit((o?"":"no-")+"fn-start",[Date.now(),r,o],n),o)try{return e.apply(this,arguments)}finally{s.emit("fn-end",[Date.now()],n)}}}};a("setName,setAttribute,save,ignore,onEnd,getContext,end,get".split(","),function(t,e){d[e]=o(p+e)}),newrelic.noticeError=function(t){"string"==typeof t&&(t=new Error(t)),i("err",[t,(new Date).getTime()])}},{}],17:[function(t,e,n){e.exports=function(t){if("string"==typeof t&&t.length)return t.length;if("object"==typeof t){if("undefined"!=typeof ArrayBuffer&&t instanceof ArrayBuffer&&t.byteLength)return t.byteLength;if("undefined"!=typeof Blob&&t instanceof Blob&&t.size)return t.size;if(!("undefined"!=typeof FormData&&t instanceof FormData))try{return JSON.stringify(t).length}catch(e){return}}}},{}],18:[function(t,e,n){var r=0,o=navigator.userAgent.match(/Firefox[\/\s](\d+\.\d+)/);o&&(r=+o[1]),e.exports=r},{}],19:[function(t,e,n){function r(t,e){var n=[],r="",i=0;for(r in t)o.call(t,r)&&(n[i]=e(r,t[r]),i+=1);return n}var o=Object.prototype.hasOwnProperty;e.exports=r},{}],20:[function(t,e,n){function r(t,e,n){e||(e=0),"undefined"==typeof n&&(n=t?t.length:0);for(var r=-1,o=n-e||0,i=Array(o<0?0:o);++r<o;)i[r]=t[e+r];return i}e.exports=r},{}],21:[function(t,e,n){function r(t){return!(t&&"function"==typeof t&&t.apply&&!t[a])}var o=t("ee"),i=t(20),a="nr@original",c=Object.prototype.hasOwnProperty,s=!1;e.exports=function(t){function e(t,e,n,o){function nrWrapper(){var r,a,c,s;try{a=this,r=i(arguments),c="function"==typeof n?n(r,a):n||{}}catch(u){h([u,"",[r,a,o],c])}f(e+"start",[r,a,o],c);try{return s=t.apply(a,r)}catch(p){throw f(e+"err",[r,a,p],c),p}finally{f(e+"end",[r,a,s],c)}}return r(t)?t:(e||(e=""),nrWrapper[a]=t,u(t,nrWrapper),nrWrapper)}function n(t,n,o,i){o||(o="");var a,c,s,f="-"===o.charAt(0);for(s=0;s<n.length;s++)c=n[s],a=t[c],r(a)||(t[c]=e(a,f?c+o:o,i,c))}function f(e,n,r){if(!s){s=!0;try{t.emit(e,n,r)}catch(o){h([o,e,n,r])}s=!1}}function u(t,e){if(Object.defineProperty&&Object.keys)try{var n=Object.keys(t);return n.forEach(function(n){Object.defineProperty(e,n,{get:function(){return t[n]},set:function(e){return t[n]=e,e}})}),e}catch(r){h([r])}for(var o in t)c.call(t,o)&&(e[o]=t[o]);return e}function h(e){try{t.emit("internal-error",e)}catch(n){}}return t||(t=o),e.inPlace=n,e.flag=a,e}},{}],ee:[function(t,e,n){function r(){}function o(t){function e(t){return t&&t instanceof r?t:t?c(t,a,i):i()}function n(n,r,o){t&&t(n,r,o);for(var i=e(o),a=p(n),c=a.length,s=0;s<c;s++)a[s].apply(i,r);var u=f[v[n]];return u&&u.push([w,n,r,i]),i}function h(t,e){m[t]=p(t).concat(e)}function p(t){return m[t]||[]}function d(t){return u[t]=u[t]||o(n)}function l(t,e){s(t,function(t,n){e=e||"feature",v[n]=e,e in f||(f[e]=[])})}var m={},v={},w={on:h,emit:n,get:d,listeners:p,context:e,buffer:l};return w}function i(){return new r}var a="nr@context",c=t("gos"),s=t(19),f={},u={},h=e.exports=o();h.backlog=f},{}],gos:[function(t,e,n){function r(t,e,n){if(o.call(t,e))return t[e];var r=n();if(Object.defineProperty&&Object.keys)try{return Object.defineProperty(t,e,{value:r,writable:!0,enumerable:!1}),r}catch(i){}return t[e]=r,r}var o=Object.prototype.hasOwnProperty;e.exports=r},{}],handle:[function(t,e,n){function r(t,e,n,r){o.buffer([t],r),o.emit(t,e,n)}var o=t("ee").get("handle");e.exports=r,r.ee=o},{}],id:[function(t,e,n){function r(t){var e=typeof t;return!t||"object"!==e&&"function"!==e?-1:t===window?0:a(t,i,function(){return o++})}var o=1,i="nr@id",a=t("gos");e.exports=r},{}],loader:[function(t,e,n){function r(){if(!g++){var t=y.info=NREUM.info,e=u.getElementsByTagName("script")[0];if(t&&t.licenseKey&&t.applicationID&&e){s(v,function(e,n){t[e]||(t[e]=n)});var n="https"===m.split(":")[0]||t.sslForHttp;y.proto=n?"https://":"http://",c("mark",["onload",a()],null,"api");var r=u.createElement("script");r.src=y.proto+t.agent,e.parentNode.insertBefore(r,e)}}}function o(){"complete"===u.readyState&&i()}function i(){c("mark",["domContent",a()],null,"api")}function a(){return(new Date).getTime()}var c=t("handle"),s=t(19),f=window,u=f.document,h="addEventListener",p="attachEvent",d=f.XMLHttpRequest,l=d&&d.prototype;NREUM.o={ST:setTimeout,CT:clearTimeout,XHR:d,REQ:f.Request,EV:f.Event,PR:f.Promise,MO:f.MutationObserver},t(16);var m=""+location,v={beacon:"bam.nr-data.net",errorBeacon:"bam.nr-data.net",agent:"js-agent.newrelic.com/nr-spa-963.min.js"},w=d&&l&&l[h]&&!/CriOS/.test(navigator.userAgent),y=e.exports={offset:a(),origin:m,features:{},xhrWrappable:w};u[h]?(u[h]("DOMContentLoaded",i,!1),f[h]("load",r,!1)):(u[p]("onreadystatechange",o),f[p]("onload",r)),c("mark",["firstbyte",a()],null,"api");var g=0},{}]},{},["loader",2,14,5,3,4]);;NREUM.info={beacon:"bam.nr-data.net",errorBeacon:"bam.nr-data.net",licenseKey:"f5d8c344f8",applicationID:"26048153",sa:1}
        </script>
        <base href="/">
        <title >Sauce Labs | 404 Page Not Found</title>
        <meta name="viewport" content="width=device-width, initial-scale=1.0, maximum-scale=1.0, user-scalable=no">
        <link href='//fonts.googleapis.com/css?family=Source+Code+Pro:300' rel='stylesheet' type='text/css'>
        <link rel="icon" href="https://cdn1.saucelabs.com/common/images/favicon.ico" />
        <link rel="stylesheet" href="https://cdn1.saucelabs.com/bower_components/ui-select/dist/select.a580dd4f8f1a.css">
        <link rel="stylesheet" href="https://cdn1.saucelabs.com/styleguide/styles/styleguide.2c60208da67e.css">
        



        
        



<script type="text/javascript">
    window.analytics=window.analytics||[],window.analytics.methods=["identify","group","track","page","pageview","alias","ready","on","once","off","trackLink","trackForm","trackClick","trackSubmit"],window.analytics.factory=function(t){return function(){var a=Array.prototype.slice.call(arguments);return a.unshift(t),window.analytics.push(a),window.analytics}};for(var i=0;i<window.analytics.methods.length;i++){var key=window.analytics.methods[i];window.analytics[key]=window.analytics.factory(key)}window.analytics.load=function(t){if(!document.getElementById("analytics-js")){var a=document.createElement("script");a.type="text/javascript",a.id="analytics-js",a.async=!0,a.src=("https:"===document.location.protocol?"https://":"http://")+"cdn.segment.io/analytics.js/v1/"+t+"/analytics.min.js";var n=document.getElementsByTagName("script")[0];n.parentNode.insertBefore(a,n)}},window.analytics.SNIPPET_VERSION="2.0.9",
    window.analytics.load("13rd58d6s3");
</script>

<script>
    
        window.analytics.page(null, null, null, function(){}, {integrations: {'Intercom': false}});
    
</script>

        
      </head>

      <body>
        <link rel="stylesheet" href="https://cdn1.saucelabs.com/common/styles/typekit.103ae3eca0a1.css">
        
        

        
<h1><img src="https://cdn1.saucelabs.com/common/images/logo.png" alt="Sauce Labs" class="logo"></h1>
<section class="error error-404">
    <img src="https://cdn1.saucelabs.com/common/images/404-error.png" alt="404" class="error-image">
    <h3>Page Not Found (404)</h3>
    <p class="error-text">
        
        There doesn't seem to be anything at this URL.
        

        If you think there's a problem with the site,
        please let us know at <a href="mailto:help@saucelabs.com">help@saucelabs.com</a>.
    </p>

</section>
<footer class="footer-404">
    Illustration by Curtis Lassam @ <a href="http://cube-drone.com">cube-drone.com</a>
</footer>


        <div growl></div>

        


        
          

        <script type="text/javascript">
  var _kiq = _kiq || [];
  (function(){
    setTimeout(function(){
    var d = document, f = d.getElementsByTagName('script')[0], s = d.createElement('script'); s.type = 'text/javascript';
    s.async = true; s.src = '//s3.amazonaws.com/ki.js/59598/dn2.js'; f.parentNode.insertBefore(s, f);
    }, 1);
  })();
</script>

        <!-- Google Tag Manager -->
<noscript><iframe src="//www.googletagmanager.com/ns.html?id=GTM-K9K459"
height="0" width="0" style="display:none;visibility:hidden"></iframe></noscript>
<script>(function(w,d,s,l,i){w[l]=w[l]||[];w[l].push({'gtm.start':
new Date().getTime(),event:'gtm.js'});var f=d.getElementsByTagName(s)[0],
j=d.createElement(s),dl=l!='dataLayer'?'&l='+l:'';j.async=true;j.src=
'//www.googletagmanager.com/gtm.js?id='+i+dl;f.parentNode.insertBefore(j,f);
})(window,document,'script','dataLayer','GTM-K9K459');</script>
<!-- End Google Tag Manager -->
        

        

    </body>
</html>
Command duration or timeout: 833 milliseconds
Build info: version: '2.53.1', revision: 'a36b8b1cd5757287168e54b817830adce9b0158d', time: '2016-06-30 19:26:09'
System info: host: 'SPAROPA-IN-LE01', ip: '192.168.56.1', os.name: 'Windows 10', os.arch: 'amd64', os.version: '10.0', java.version: '1.8.0_161'
Driver info: io.appium.java_client.ios.IOSDriver
	at sun.reflect.NativeConstructorAccessorImpl.newInstance0(Native Method)
	at sun.reflect.NativeConstructorAccessorImpl.newInstance(Unknown Source)
	at sun.reflect.DelegatingConstructorAccessorImpl.newInstance(Unknown Source)
	at java.lang.reflect.Constructor.newInstance(Unknown Source)
	at org.openqa.selenium.remote.ErrorHandler.createThrowable(ErrorHandler.java:206)
	at org.openqa.selenium.remote.ErrorHandler.throwIfResponseFailed(ErrorHandler.java:158)
	at org.openqa.selenium.remote.RemoteWebDriver.execute(RemoteWebDriver.java:678)
	at io.appium.java_client.DefaultGenericMobileDriver.execute(DefaultGenericMobileDriver.java:40)
	at io.appium.java_client.AppiumDriver.execute(AppiumDriver.java:1)
	at io.appium.java_client.ios.IOSDriver.execute(IOSDriver.java:1)
	at org.openqa.selenium.remote.RemoteWebDriver.startSession(RemoteWebDriver.java:249)
	at org.openqa.selenium.remote.RemoteWebDriver.<init>(RemoteWebDriver.java:131)
	at org.openqa.selenium.remote.RemoteWebDriver.<init>(RemoteWebDriver.java:144)
	at io.appium.java_client.DefaultGenericMobileDriver.<init>(DefaultGenericMobileDriver.java:36)
	at io.appium.java_client.AppiumDriver.<init>(AppiumDriver.java:114)
	at io.appium.java_client.AppiumDriver.<init>(AppiumDriver.java:132)
	at io.appium.java_client.ios.IOSDriver.<init>(IOSDriver.java:82)
	at com.experitest.auto.IOSDemoTest.setUp(IOSDemoTest.java:27)
	at sun.reflect.NativeMethodAccessorImpl.invoke0(Native Method)
	at sun.reflect.NativeMethodAccessorImpl.invoke(Unknown Source)
	at sun.reflect.DelegatingMethodAccessorImpl.invoke(Unknown Source)
	at java.lang.reflect.Method.invoke(Unknown Source)
	at org.testng.internal.MethodInvocationHelper.invokeMethod(MethodInvocationHelper.java:85)
	at org.testng.internal.Invoker.invokeConfigurationMethod(Invoker.java:510)
	at org.testng.internal.Invoker.invokeConfigurations(Invoker.java:211)
	at org.testng.internal.Invoker.invokeMethod(Invoker.java:585)
	at org.testng.internal.Invoker.invokeTestMethod(Invoker.java:816)
	at org.testng.internal.Invoker.invokeTestMethods(Invoker.java:1124)
	at org.testng.internal.TestMethodWorker.invokeTestMethods(TestMethodWorker.java:125)
	at org.testng.internal.TestMethodWorker.run(TestMethodWorker.java:108)
	at org.testng.TestRunner.privateRun(TestRunner.java:774)
	at org.testng.TestRunner.run(TestRunner.java:624)
	at org.testng.SuiteRunner.runTest(SuiteRunner.java:359)
	at org.testng.SuiteRunner.runSequentially(SuiteRunner.java:354)
	at org.testng.SuiteRunner.privateRun(SuiteRunner.java:312)
	at org.testng.SuiteRunner.run(SuiteRunner.java:261)
	at org.testng.SuiteRunnerWorker.runSuite(SuiteRunnerWorker.java:52)
	at org.testng.SuiteRunnerWorker.run(SuiteRunnerWorker.java:86)
	at org.testng.TestNG.runSuitesSequentially(TestNG.java:1215)
	at org.testng.TestNG.runSuitesLocally(TestNG.java:1140)
	at org.testng.TestNG.run(TestNG.java:1048)
	at org.testng.remote.AbstractRemoteTestNG.run(AbstractRemoteTestNG.java:114)
	at org.testng.remote.RemoteTestNG.initAndRun(RemoteTestNG.java:251)
	at org.testng.remote.RemoteTestNG.main(RemoteTestNG.java:77)
]]>
    </error>
  </testcase> <!-- test -->
</testsuite> <!-- com.experitest.auto.IOSDemoTest -->
