<?xml version="1.0" encoding="UTF-8"?>
<!-- Generated by org.testng.reporters.JUnitReportReporter -->
<testsuite hostname="SPAROPA-IN-LE01" name="com.experitest.auto.TestAppium" tests="1" failures="0" timestamp="6 Jun 2018 12:16:21 GMT" time="24.007" errors="0">
  <testcase name="setup" time="24.007" classname="com.experitest.auto.TestAppium"/>
</testsuite> <!-- com.experitest.auto.TestAppium -->
