<?xml version="1.0" encoding="UTF-8"?>
<!-- Generated by org.testng.reporters.JUnitReportReporter -->
<testsuite hostname="SPAROPA-IN-LE01" name="com.experitest.auto.IOSBrowserLocalTest" tests="1" failures="0" timestamp="11 Jun 2018 08:53:13 GMT" time="7.453" errors="0">
  <testcase name="launchBrowser" time="7.453" classname="com.experitest.auto.IOSBrowserLocalTest"/>
</testsuite> <!-- com.experitest.auto.IOSBrowserLocalTest -->
